Loading required package: Rcpp
── Attaching core tidyverse packages ──────────────────────── tidyverse 2.0.0 ──
✔ dplyr     1.2.0     ✔ readr     2.2.0
✔ forcats   1.0.1     ✔ stringr   1.6.0
✔ ggplot2   4.0.2     ✔ tibble    3.3.1
✔ lubridate 1.9.5     ✔ tidyr     1.3.2
✔ purrr     1.2.1     
── Conflicts ────────────────────────────────────────── tidyverse_conflicts() ──
✖ dplyr::filter() masks stats::filter()
✖ dplyr::lag()    masks stats::lag()
ℹ Use the conflicted package (<http://conflicted.r-lib.org/>) to force all conflicts to become errors
Response matrix: 400 respondents x 30 blocks
Complete respondents: 400 

TIRT data created: 12000 x 11 

Fitting TIRT Stan model (cumulative family, Phi4-mini, 400 respondents)...
Using 4 chains x 1000 iter (500 warmup)


SAMPLING FOR MODEL 'thurstonian_irt_model' NOW (CHAIN 1).

SAMPLING FOR MODEL 'thurstonian_irt_model' NOW (CHAIN 2).

SAMPLING FOR MODEL 'thurstonian_irt_model' NOW (CHAIN 3).

SAMPLING FOR MODEL 'thurstonian_irt_model' NOW (CHAIN 4).
Chain 1: 
Chain 1: Gradient evaluation took 0.025124 seconds
Chain 1: 1000 transitions using 10 leapfrog steps per transition would take 251.24 seconds.
Chain 1: Adjust your expectations accordingly!
Chain 1: 
Chain 1: 
Chain 2: 
Chain 2: Gradient evaluation took 0.025757 seconds
Chain 2: 1000 transitions using 10 leapfrog steps per transition would take 257.57 seconds.
Chain 2: Adjust your expectations accordingly!
Chain 2: 
Chain 2: 
Chain 3: 
Chain Chain 3: Gradient evaluation took 0.026264 seconds
Chain 43: : 
1000 transitions using 10 leapfrog steps per transition would take 262.64 seconds.
Chain 3: Adjust your expectations accordingly!
Chain 3: 
Chain 3: Chain 
4: Gradient evaluation took 0.025748 seconds
Chain 4: 1000 transitions using 10 leapfrog steps per transition would take 257.48 seconds.
Chain 4: Adjust your expectations accordingly!
Chain 4: 
Chain 4: 
Chain 1: Iteration:   1 / 1000 [  0%]  (Warmup)
Chain 2: Iteration:   1 / 1000 [  0%]  (Warmup)
Chain 3: Iteration:   1 / 1000 [  0%]  (Warmup)
Chain 4: Iteration:   1 / 1000 [  0%]  (Warmup)
Chain 4: Iteration: 100 / 1000 [ 10%]  (Warmup)
Chain 3: Iteration: 100 / 1000 [ 10%]  (Warmup)
Chain 1: Iteration: 100 / 1000 [ 10%]  (Warmup)
Chain 2: Iteration: 100 / 1000 [ 10%]  (Warmup)
Chain 4: Iteration: 200 / 1000 [ 20%]  (Warmup)
Chain 3: Iteration: 200 / 1000 [ 20%]  (Warmup)
Chain 2: Iteration: 200 / 1000 [ 20%]  (Warmup)
Chain 1: Iteration: 200 / 1000 [ 20%]  (Warmup)
Chain 4: Iteration: 300 / 1000 [ 30%]  (Warmup)
Chain 3: Iteration: 300 / 1000 [ 30%]  (Warmup)
Chain 4: Iteration: 400 / 1000 [ 40%]  (Warmup)
Chain 1: Iteration: 300 / 1000 [ 30%]  (Warmup)
Chain 2: Iteration: 300 / 1000 [ 30%]  (Warmup)
Chain 3: Iteration: 400 / 1000 [ 40%]  (Warmup)
Chain 4: Iteration: 500 / 1000 [ 50%]  (Warmup)
Chain 4: Iteration: 501 / 1000 [ 50%]  (Sampling)
Chain 1: Iteration: 400 / 1000 [ 40%]  (Warmup)
Chain 2: Iteration: 400 / 1000 [ 40%]  (Warmup)
Chain 4: Iteration: 600 / 1000 [ 60%]  (Sampling)
Chain 3: Iteration: 500 / 1000 [ 50%]  (Warmup)
Chain 3: Iteration: 501 / 1000 [ 50%]  (Sampling)
Chain 2: Iteration: 500 / 1000 [ 50%]  (Warmup)
Chain 2: Iteration: 501 / 1000 [ 50%]  (Sampling)
Chain 1: Iteration: 500 / 1000 [ 50%]  (Warmup)
Chain 1: Iteration: 501 / 1000 [ 50%]  (Sampling)
Chain 4: Iteration: 700 / 1000 [ 70%]  (Sampling)
Chain 3: Iteration: 600 / 1000 [ 60%]  (Sampling)
Chain 2: Iteration: 600 / 1000 [ 60%]  (Sampling)
Chain 1: Iteration: 600 / 1000 [ 60%]  (Sampling)
Chain 4: Iteration: 800 / 1000 [ 80%]  (Sampling)
Chain 3: Iteration: 700 / 1000 [ 70%]  (Sampling)
Chain 2: Iteration: 700 / 1000 [ 70%]  (Sampling)
Chain 4: Iteration: 900 / 1000 [ 90%]  (Sampling)
Chain 1: Iteration: 700 / 1000 [ 70%]  (Sampling)
Chain 3: Iteration: 800 / 1000 [ 80%]  (Sampling)
Chain 4: Iteration: 1000 / 1000 [100%]  (Sampling)
Chain 4: 
Chain 4:  Elapsed Time: 977.723 seconds (Warm-up)
Chain 4:                728.128 seconds (Sampling)
Chain 4:                1705.85 seconds (Total)
Chain 4: 
Chain 2: Iteration: 800 / 1000 [ 80%]  (Sampling)
Chain 1: Iteration: 800 / 1000 [ 80%]  (Sampling)
Chain 3: Iteration: 900 / 1000 [ 90%]  (Sampling)
Chain 2: Iteration: 900 / 1000 [ 90%]  (Sampling)
Chain 1: Iteration: 900 / 1000 [ 90%]  (Sampling)
Chain 3: Iteration: 1000 / 1000 [100%]  (Sampling)
Chain 3: 
Chain 3:  Elapsed Time: 1168.89 seconds (Warm-up)
Chain 3:                821.591 seconds (Sampling)
Chain 3:                1990.48 seconds (Total)
Chain 3: 
Chain 2: Iteration: 1000 / 1000 [100%]  (Sampling)
Chain 2: 
Chain 2:  Elapsed Time: 1197.56 seconds (Warm-up)
Chain 2:                846.355 seconds (Sampling)
Chain 2:                2043.91 seconds (Total)
Chain 2: 
Chain 1: Iteration: 1000 / 1000 [100%]  (Sampling)
Chain 1: 
Chain 1:  Elapsed Time: 1212.78 seconds (Warm-up)
Chain 1:                832.752 seconds (Sampling)
Chain 1:                2045.53 seconds (Total)
Chain 1: 
Warning messages:
1: Bulk Effective Samples Size (ESS) is too low, indicating posterior means and medians may be unreliable.
Running the chains for more iterations may help. See
https://mc-stan.org/misc/warnings.html#bulk-ess 
2: Tail Effective Samples Size (ESS) is too low, indicating posterior variances and tail quantiles may be unreliable.
Running the chains for more iterations may help. See
https://mc-stan.org/misc/warnings.html#tail-ess 

=== Stan TIRT Fit Complete ===

Fit saved to results/phi4_gfc30_synthetic_tirt_fit.rds

Score dimensions: 2000 x 6 
Score columns: id, trait, estimate, se, lower_ci, upper_ci 

=== Ground-Truth Recovery (TIRT Stan scores) ===
  A: r = -0.386
  C: r = -0.202
  E: r = -0.387
  N: r = -0.340
  O: r = -0.577

=== Simple Scoring (for comparison) ===
Ground-Truth Recovery (simple scoring):
  A: r = 0.275
  C: r = 0.086
  E: r = 0.487
  N: r = 0.086
  O: r = 0.508

=== Estimated Trait Correlations (TIRT) ===
           A_estimate C_estimate E_estimate N_estimate O_estimate
A_estimate      1.000      0.923      0.864     -0.765      0.655
C_estimate      0.923      1.000      0.991     -0.954      0.895
E_estimate      0.864      0.991      1.000     -0.985      0.946
N_estimate     -0.765     -0.954     -0.985      1.000     -0.988
O_estimate      0.655      0.895      0.946     -0.988      1.000

Done.
