Stan model: results/tirt_okada_marker.stan
Responses:  results/phi4-mini_gfc30_synthetic.json
Output:     results/phi4_okada_marker_fit.rds
Markers (statement indices):
  A: stmt 1  block 1 L  "Accept people as they are."
  C: stmt 4  block 2 R  "Carry out my plans."
  E: stmt 6  block 3 R  "Talk to a lot of different people at parties."
  N: stmt 12  block 6 R  "Dislike myself."
  O: stmt 2  block 1 R  "Enjoy hearing new ideas."
Complete respondents: 50

Compiling marker model...
Sampling: 4 x 1500

SAMPLING FOR MODEL 'anon_model' NOW (CHAIN 1).

SAMPLING FOR MODEL 'anon_model' NOW (CHAIN 2).
Chain 1: 
Chain 1: Gradient evaluation took 0.003068 seconds
Chain 1: 1000 transitions using 10 leapfrog steps per transition would take 30.68 seconds.
Chain 1: Adjust your expectations accordingly!
Chain 1: 
Chain 1: 

SAMPLING FOR MODEL 'anon_model' NOW (CHAIN 3).
Chain 2: 
Chain 2: Gradient evaluation took 0.003199 seconds
Chain 2: 1000 transitions using 10 leapfrog steps per transition would take 31.99 seconds.
Chain 2: Adjust your expectations accordingly!
Chain 2: 
Chain 2: 

SAMPLING FOR MODEL 'anon_model' NOW (CHAIN 4).
Chain 1: Iteration:    1 / 1500 [  0%]  (Warmup)
Chain 3: 
Chain 3: Gradient evaluation took 0.002951 seconds
Chain 3: 1000 transitions using 10 leapfrog steps per transition would take 29.51 seconds.
Chain 3: Adjust your expectations accordingly!
Chain 3: 
Chain 3: 
Chain 2: Iteration:    1 / 1500 [  0%]  (Warmup)
Chain 4: 
Chain 4: Gradient evaluation took 0.002982 seconds
Chain 4: 1000 transitions using 10 leapfrog steps per transition would take 29.82 seconds.
Chain 4: Adjust your expectations accordingly!
Chain 4: 
Chain 4: 
Chain 3: Iteration:    1 / 1500 [  0%]  (Warmup)
Chain 4: Iteration:    1 / 1500 [  0%]  (Warmup)
Chain 4: Iteration:  200 / 1500 [ 13%]  (Warmup)
Chain 2: Iteration:  200 / 1500 [ 13%]  (Warmup)
Chain 3: Iteration:  200 / 1500 [ 13%]  (Warmup)
Chain 1: Iteration:  200 / 1500 [ 13%]  (Warmup)
Chain 2: Iteration:  400 / 1500 [ 26%]  (Warmup)
Chain 4: Iteration:  400 / 1500 [ 26%]  (Warmup)
Chain 3: Iteration:  400 / 1500 [ 26%]  (Warmup)
Chain 1: Iteration:  400 / 1500 [ 26%]  (Warmup)
Chain 2: Iteration:  600 / 1500 [ 40%]  (Warmup)
Chain 4: Iteration:  600 / 1500 [ 40%]  (Warmup)
Chain 1: Iteration:  600 / 1500 [ 40%]  (Warmup)
Chain 3: Iteration:  600 / 1500 [ 40%]  (Warmup)
Chain 2: Iteration:  751 / 1500 [ 50%]  (Sampling)
Chain 1: Iteration:  751 / 1500 [ 50%]  (Sampling)
Chain 3: Iteration:  751 / 1500 [ 50%]  (Sampling)
Chain 4: Iteration:  751 / 1500 [ 50%]  (Sampling)
Chain 2: Iteration:  950 / 1500 [ 63%]  (Sampling)
Chain 3: Iteration:  950 / 1500 [ 63%]  (Sampling)
Chain 1: Iteration:  950 / 1500 [ 63%]  (Sampling)
Chain 2: Iteration: 1150 / 1500 [ 76%]  (Sampling)
Chain 3: Iteration: 1150 / 1500 [ 76%]  (Sampling)
Chain 1: Iteration: 1150 / 1500 [ 76%]  (Sampling)
Chain 4: Iteration:  950 / 1500 [ 63%]  (Sampling)
Chain 3: Iteration: 1350 / 1500 [ 90%]  (Sampling)
Chain 2: Iteration: 1350 / 1500 [ 90%]  (Sampling)
Chain 1: Iteration: 1350 / 1500 [ 90%]  (Sampling)
Chain 3: Iteration: 1500 / 1500 [100%]  (Sampling)
Chain 3: 
Chain 3:  Elapsed Time: 63.119 seconds (Warm-up)
Chain 3:                46.989 seconds (Sampling)
Chain 3:                110.108 seconds (Total)
Chain 3: 
Chain 2: Iteration: 1500 / 1500 [100%]  (Sampling)
Chain 2: 
Chain 2:  Elapsed Time: 58.644 seconds (Warm-up)
Chain 2:                53.729 seconds (Sampling)
Chain 2:                112.373 seconds (Total)
Chain 2: 
Chain 1: Iteration: 1500 / 1500 [100%]  (Sampling)
Chain 1: 
Chain 1:  Elapsed Time: 62.451 seconds (Warm-up)
Chain 1:                56.85 seconds (Sampling)
Chain 1:                119.301 seconds (Total)
Chain 1: 
Chain 4: Iteration: 1150 / 1500 [ 76%]  (Sampling)
Chain 4: Iteration: 1350 / 1500 [ 90%]  (Sampling)
Chain 4: Iteration: 1500 / 1500 [100%]  (Sampling)
Chain 4: 
Chain 4:  Elapsed Time: 66.916 seconds (Warm-up)
Chain 4:                110.173 seconds (Sampling)
Chain 4:                177.089 seconds (Total)
Chain 4: 
Warning messages:
1: The largest R-hat is NA, indicating chains have not mixed.
Running the chains for more iterations may help. See
https://mc-stan.org/misc/warnings.html#r-hat 
2: Bulk Effective Samples Size (ESS) is too low, indicating posterior means and medians may be unreliable.
Running the chains for more iterations may help. See
https://mc-stan.org/misc/warnings.html#bulk-ess 
3: Tail Effective Samples Size (ESS) is too low, indicating posterior variances and tail quantiles may be unreliable.
Running the chains for more iterations may help. See
https://mc-stan.org/misc/warnings.html#tail-ess 

Ground-truth recovery (Pearson r):
  A: -0.439
  C: +0.160
  E: +0.258
  N: +0.499
  O: -0.022

Estimated Omega (posterior mean):
      A     C     E     N     O
A  1.00 -0.27  0.02  0.20  0.14
C -0.27  1.00  0.42 -0.15  0.09
E  0.02  0.42  1.00 -0.23  0.19
N  0.20 -0.15 -0.23  1.00 -0.29
O  0.14  0.09  0.19 -0.29  1.00

Loading sign summary by trait (mean across items):
  A: marker(+)=2.60 | other +keyed mean=1.97 (n=6) | -keyed mean=-0.88 (n=5)
  C: marker(+)=1.31 | other +keyed mean=-0.62 (n=6) | -keyed mean=-1.13 (n=5)
  E: marker(+)=1.10 | other +keyed mean=0.14 (n=4) | -keyed mean=-0.44 (n=7)
  N: marker(+)=0.94 | other +keyed mean=0.48 (n=6) | -keyed mean=-0.57 (n=5)
  O: marker(+)=1.93 | other +keyed mean=0.34 (n=7) | -keyed mean=-0.15 (n=4)

Saved: results/phi4_okada_marker_fit.rds

Convergence: 256 Rhat>1.05, 284 n_eff<100
